  Building Custom Rule E:/workspace/lua-5.1.5/src/CMakeLists.txt
  luac.c
E:\workspace\lua-5.1.5\src\luac.c(44,63): warning C4996: 'strerror': This function or variable may be unsafe. Consider using strerror_s instead. To disable deprecation, use _CRT_SECURE_NO_WARNINGS. See online help for details.
E:\workspace\lua-5.1.5\src\luac.c(175,38): warning C4996: 'fopen': This function or variable may be unsafe. Consider using fopen_s instead. To disable deprecation, use _CRT_SECURE_NO_WARNINGS. See online help for details.
lua.lib(lua.obj) : warning LNK4099: 未找到 PDB“lua.pdb”(使用“lua.lib(lua.obj)”或在“E:\workspace\lua-5.1.5\build\Debug\lua.pdb”中寻找)；正在链接对象，如同没有调试信息一样
lua.lib(lstate.obj) : warning LNK4099: 未找到 PDB“lua.pdb”(使用“lua.lib(lstate.obj)”或在“E:\workspace\lua-5.1.5\build\Debug\lua.pdb”中寻找)；正在链接对象，如同没有调试信息一样
lua.lib(lapi.obj) : warning LNK4099: 未找到 PDB“lua.pdb”(使用“lua.lib(lapi.obj)”或在“E:\workspace\lua-5.1.5\build\Debug\lua.pdb”中寻找)；正在链接对象，如同没有调试信息一样
lua.lib(ldebug.obj) : warning LNK4099: 未找到 PDB“lua.pdb”(使用“lua.lib(ldebug.obj)”或在“E:\workspace\lua-5.1.5\build\Debug\lua.pdb”中寻找)；正在链接对象，如同没有调试信息一样
lua.lib(lauxlib.obj) : warning LNK4099: 未找到 PDB“lua.pdb”(使用“lua.lib(lauxlib.obj)”或在“E:\workspace\lua-5.1.5\build\Debug\lua.pdb”中寻找)；正在链接对象，如同没有调试信息一样
lua.lib(linit.obj) : warning LNK4099: 未找到 PDB“lua.pdb”(使用“lua.lib(linit.obj)”或在“E:\workspace\lua-5.1.5\build\Debug\lua.pdb”中寻找)；正在链接对象，如同没有调试信息一样
lua.lib(ltm.obj) : warning LNK4099: 未找到 PDB“lua.pdb”(使用“lua.lib(ltm.obj)”或在“E:\workspace\lua-5.1.5\build\Debug\lua.pdb”中寻找)；正在链接对象，如同没有调试信息一样
lua.lib(lmem.obj) : warning LNK4099: 未找到 PDB“lua.pdb”(使用“lua.lib(lmem.obj)”或在“E:\workspace\lua-5.1.5\build\Debug\lua.pdb”中寻找)；正在链接对象，如同没有调试信息一样
lua.lib(ldo.obj) : warning LNK4099: 未找到 PDB“lua.pdb”(使用“lua.lib(ldo.obj)”或在“E:\workspace\lua-5.1.5\build\Debug\lua.pdb”中寻找)；正在链接对象，如同没有调试信息一样
lua.lib(lfunc.obj) : warning LNK4099: 未找到 PDB“lua.pdb”(使用“lua.lib(lfunc.obj)”或在“E:\workspace\lua-5.1.5\build\Debug\lua.pdb”中寻找)；正在链接对象，如同没有调试信息一样
lua.lib(lgc.obj) : warning LNK4099: 未找到 PDB“lua.pdb”(使用“lua.lib(lgc.obj)”或在“E:\workspace\lua-5.1.5\build\Debug\lua.pdb”中寻找)；正在链接对象，如同没有调试信息一样
lua.lib(llex.obj) : warning LNK4099: 未找到 PDB“lua.pdb”(使用“lua.lib(llex.obj)”或在“E:\workspace\lua-5.1.5\build\Debug\lua.pdb”中寻找)；正在链接对象，如同没有调试信息一样
lua.lib(lstring.obj) : warning LNK4099: 未找到 PDB“lua.pdb”(使用“lua.lib(lstring.obj)”或在“E:\workspace\lua-5.1.5\build\Debug\lua.pdb”中寻找)；正在链接对象，如同没有调试信息一样
lua.lib(ltable.obj) : warning LNK4099: 未找到 PDB“lua.pdb”(使用“lua.lib(ltable.obj)”或在“E:\workspace\lua-5.1.5\build\Debug\lua.pdb”中寻找)；正在链接对象，如同没有调试信息一样
lua.lib(lobject.obj) : warning LNK4099: 未找到 PDB“lua.pdb”(使用“lua.lib(lobject.obj)”或在“E:\workspace\lua-5.1.5\build\Debug\lua.pdb”中寻找)；正在链接对象，如同没有调试信息一样
lua.lib(lzio.obj) : warning LNK4099: 未找到 PDB“lua.pdb”(使用“lua.lib(lzio.obj)”或在“E:\workspace\lua-5.1.5\build\Debug\lua.pdb”中寻找)；正在链接对象，如同没有调试信息一样
lua.lib(ldump.obj) : warning LNK4099: 未找到 PDB“lua.pdb”(使用“lua.lib(ldump.obj)”或在“E:\workspace\lua-5.1.5\build\Debug\lua.pdb”中寻找)；正在链接对象，如同没有调试信息一样
lua.lib(lvm.obj) : warning LNK4099: 未找到 PDB“lua.pdb”(使用“lua.lib(lvm.obj)”或在“E:\workspace\lua-5.1.5\build\Debug\lua.pdb”中寻找)；正在链接对象，如同没有调试信息一样
lua.lib(lopcodes.obj) : warning LNK4099: 未找到 PDB“lua.pdb”(使用“lua.lib(lopcodes.obj)”或在“E:\workspace\lua-5.1.5\build\Debug\lua.pdb”中寻找)；正在链接对象，如同没有调试信息一样
lua.lib(lbaselib.obj) : warning LNK4099: 未找到 PDB“lua.pdb”(使用“lua.lib(lbaselib.obj)”或在“E:\workspace\lua-5.1.5\build\Debug\lua.pdb”中寻找)；正在链接对象，如同没有调试信息一样
lua.lib(ltablib.obj) : warning LNK4099: 未找到 PDB“lua.pdb”(使用“lua.lib(ltablib.obj)”或在“E:\workspace\lua-5.1.5\build\Debug\lua.pdb”中寻找)；正在链接对象，如同没有调试信息一样
lua.lib(liolib.obj) : warning LNK4099: 未找到 PDB“lua.pdb”(使用“lua.lib(liolib.obj)”或在“E:\workspace\lua-5.1.5\build\Debug\lua.pdb”中寻找)；正在链接对象，如同没有调试信息一样
lua.lib(loslib.obj) : warning LNK4099: 未找到 PDB“lua.pdb”(使用“lua.lib(loslib.obj)”或在“E:\workspace\lua-5.1.5\build\Debug\lua.pdb”中寻找)；正在链接对象，如同没有调试信息一样
lua.lib(lstrlib.obj) : warning LNK4099: 未找到 PDB“lua.pdb”(使用“lua.lib(lstrlib.obj)”或在“E:\workspace\lua-5.1.5\build\Debug\lua.pdb”中寻找)；正在链接对象，如同没有调试信息一样
lua.lib(lmathlib.obj) : warning LNK4099: 未找到 PDB“lua.pdb”(使用“lua.lib(lmathlib.obj)”或在“E:\workspace\lua-5.1.5\build\Debug\lua.pdb”中寻找)；正在链接对象，如同没有调试信息一样
lua.lib(ldblib.obj) : warning LNK4099: 未找到 PDB“lua.pdb”(使用“lua.lib(ldblib.obj)”或在“E:\workspace\lua-5.1.5\build\Debug\lua.pdb”中寻找)；正在链接对象，如同没有调试信息一样
lua.lib(loadlib.obj) : warning LNK4099: 未找到 PDB“lua.pdb”(使用“lua.lib(loadlib.obj)”或在“E:\workspace\lua-5.1.5\build\Debug\lua.pdb”中寻找)；正在链接对象，如同没有调试信息一样
lua.lib(lparser.obj) : warning LNK4099: 未找到 PDB“lua.pdb”(使用“lua.lib(lparser.obj)”或在“E:\workspace\lua-5.1.5\build\Debug\lua.pdb”中寻找)；正在链接对象，如同没有调试信息一样
lua.lib(lundump.obj) : warning LNK4099: 未找到 PDB“lua.pdb”(使用“lua.lib(lundump.obj)”或在“E:\workspace\lua-5.1.5\build\Debug\lua.pdb”中寻找)；正在链接对象，如同没有调试信息一样
lua.lib(lcode.obj) : warning LNK4099: 未找到 PDB“lua.pdb”(使用“lua.lib(lcode.obj)”或在“E:\workspace\lua-5.1.5\build\Debug\lua.pdb”中寻找)；正在链接对象，如同没有调试信息一样
  luac.vcxproj -> E:\workspace\lua-5.1.5\build\Debug\luac.exe
